{"C:\\SRC_HOME\\Others\\old\\sam-dynamo-api-gw\\src\\constants.ts": {"path":"C:\\SRC_HOME\\Others\\old\\sam-dynamo-api-gw\\src\\constants.ts","statementMap":{"0":{"start":{"line":1,"column":0},"end":{"line":7,"column":null}}},"fnMap":{},"branchMap":{},"s":{"0":1},"f":{},"b":{}}
,"C:\\SRC_HOME\\Others\\old\\sam-dynamo-api-gw\\src\\factories\\response-factory.ts": {"path":"C:\\SRC_HOME\\Others\\old\\sam-dynamo-api-gw\\src\\factories\\response-factory.ts","statementMap":{"0":{"start":{"line":1,"column":0},"end":{"line":1,"column":36}},"1":{"start":{"line":11,"column":8},"end":{"line":18,"column":null}},"2":{"start":{"line":22,"column":8},"end":{"line":29,"column":null}},"3":{"start":{"line":33,"column":8},"end":{"line":40,"column":null}},"4":{"start":{"line":9,"column":0},"end":{"line":9,"column":13}}},"fnMap":{"0":{"name":"(anonymous_0)","decl":{"start":{"line":10,"column":4},"end":{"line":10,"column":10}},"loc":{"start":{"line":10,"column":61},"end":{"line":19,"column":5}}},"1":{"name":"(anonymous_1)","decl":{"start":{"line":21,"column":4},"end":{"line":21,"column":10}},"loc":{"start":{"line":21,"column":74},"end":{"line":30,"column":5}}},"2":{"name":"(anonymous_2)","decl":{"start":{"line":32,"column":4},"end":{"line":32,"column":10}},"loc":{"start":{"line":32,"column":59},"end":{"line":41,"column":5}}}},"branchMap":{"0":{"loc":{"start":{"line":23,"column":24},"end":{"line":23,"column":34}},"type":"binary-expr","locations":[{"start":{"line":23,"column":24},"end":{"line":23,"column":34}},{"start":{"line":23,"column":38},"end":{"line":23,"column":41}}]},"1":{"loc":{"start":{"line":25,"column":24},"end":{"line":25,"column":34}},"type":"binary-expr","locations":[{"start":{"line":25,"column":24},"end":{"line":25,"column":34}},{"start":{"line":25,"column":38},"end":{"line":25,"column":41}}]},"2":{"loc":{"start":{"line":26,"column":38},"end":{"line":26,"column":48}},"type":"binary-expr","locations":[{"start":{"line":26,"column":38},"end":{"line":26,"column":48}},{"start":{"line":26,"column":52},"end":{"line":26,"column":55}}]}},"s":{"0":1,"1":2,"2":2,"3":1,"4":1},"f":{"0":2,"1":2,"2":1},"b":{"0":[2,1],"1":[2,1],"2":[2,1]}}
,"C:\\SRC_HOME\\Others\\old\\sam-dynamo-api-gw\\src\\services\\item-service.ts": {"path":"C:\\SRC_HOME\\Others\\old\\sam-dynamo-api-gw\\src\\services\\item-service.ts","statementMap":{"0":{"start":{"line":2,"column":0},"end":{"line":2,"column":37}},"1":{"start":{"line":3,"column":18},"end":{"line":3,"column":41}},"2":{"start":{"line":4,"column":0},"end":{"line":4,"column":34}},"3":{"start":{"line":14,"column":25},"end":{"line":14,"column":55}},"4":{"start":{"line":17,"column":21},"end":{"line":23,"column":10}},"5":{"start":{"line":25,"column":8},"end":{"line":25,"column":null}},"6":{"start":{"line":29,"column":21},"end":{"line":34,"column":10}},"7":{"start":{"line":36,"column":8},"end":{"line":36,"column":null}},"8":{"start":{"line":40,"column":21},"end":{"line":50,"column":10}},"9":{"start":{"line":52,"column":8},"end":{"line":52,"column":null}},"10":{"start":{"line":56,"column":21},"end":{"line":61,"column":10}},"11":{"start":{"line":63,"column":8},"end":{"line":63,"column":null}},"12":{"start":{"line":13,"column":0},"end":{"line":13,"column":13}}},"fnMap":{"0":{"name":"(anonymous_8)","decl":{"start":{"line":14,"column":4},"end":{"line":14,"column":25}},"loc":{"start":{"line":14,"column":55},"end":{"line":14,"column":59}}},"1":{"name":"(anonymous_9)","decl":{"start":{"line":16,"column":10},"end":{"line":16,"column":20}},"loc":{"start":{"line":16,"column":35},"end":{"line":26,"column":null}}},"2":{"name":"(anonymous_11)","decl":{"start":{"line":28,"column":10},"end":{"line":28,"column":18}},"loc":{"start":{"line":28,"column":30},"end":{"line":37,"column":null}}},"3":{"name":"(anonymous_13)","decl":{"start":{"line":39,"column":10},"end":{"line":39,"column":20}},"loc":{"start":{"line":39,"column":46},"end":{"line":53,"column":null}}},"4":{"name":"(anonymous_15)","decl":{"start":{"line":55,"column":10},"end":{"line":55,"column":20}},"loc":{"start":{"line":55,"column":32},"end":{"line":64,"column":null}}}},"branchMap":{},"s":{"0":1,"1":1,"2":1,"3":1,"4":1,"5":1,"6":1,"7":1,"8":1,"9":1,"10":1,"11":1,"12":1},"f":{"0":1,"1":1,"2":1,"3":1,"4":1},"b":{}}
}
