TN:
SF:C:\SRC_HOME\Others\old\sam-dynamo-api-gw\src\constants.ts
FNF:0
FNH:0
DA:1,1
LF:1
LH:1
BRF:0
BRH:0
end_of_record
TN:
SF:C:\SRC_HOME\Others\old\sam-dynamo-api-gw\src\factories\response-factory.ts
FN:10,(anonymous_0)
FN:21,(anonymous_1)
FN:32,(anonymous_2)
FNF:3
FNH:3
FNDA:2,(anonymous_0)
FNDA:2,(anonymous_1)
FNDA:1,(anonymous_2)
DA:1,1
DA:9,1
DA:11,2
DA:22,2
DA:33,1
LF:5
LH:5
BRDA:23,0,0,2
BRDA:23,0,1,1
BRDA:25,1,0,2
BRDA:25,1,1,1
BRDA:26,2,0,2
BRDA:26,2,1,1
BRF:6
BRH:6
end_of_record
TN:
SF:C:\SRC_HOME\Others\old\sam-dynamo-api-gw\src\services\item-service.ts
FN:14,(anonymous_8)
FN:16,(anonymous_9)
FN:28,(anonymous_11)
FN:39,(anonymous_13)
FN:55,(anonymous_15)
FNF:5
FNH:5
FNDA:1,(anonymous_8)
FNDA:1,(anonymous_9)
FNDA:1,(anonymous_11)
FNDA:1,(anonymous_13)
FNDA:1,(anonymous_15)
DA:2,1
DA:3,1
DA:4,1
DA:13,1
DA:14,1
DA:17,1
DA:25,1
DA:29,1
DA:36,1
DA:40,1
DA:52,1
DA:56,1
DA:63,1
LF:13
LH:13
BRF:0
BRH:0
end_of_record
